<?xml version="1.0" encoding="UTF-8"?>
<testng-results ignored="0" total="3" passed="3" failed="0" skipped="0">
  <reporter-output>
    <line>
      <![CDATA[title is matching]]>
    </line>
    <line>
      <![CDATA[username:edtrte]]>
    </line>
    <line>
      <![CDATA[element is present]]>
    </line>
    <line>
      <![CDATA[password:ettete]]>
    </line>
    <line>
      <![CDATA[element is present]]>
    </line>
    <line>
      <![CDATA[element is present]]>
    </line>
    <line>
      <![CDATA[username:dsds]]>
    </line>
    <line>
      <![CDATA[element is present]]>
    </line>
    <line>
      <![CDATA[password:dsds]]>
    </line>
    <line>
      <![CDATA[element is present]]>
    </line>
    <line>
      <![CDATA[element is present]]>
    </line>
    <line>
      <![CDATA[username:dsds]]>
    </line>
    <line>
      <![CDATA[element is present]]>
    </line>
    <line>
      <![CDATA[password:dsds]]>
    </line>
    <line>
      <![CDATA[element is present]]>
    </line>
    <line>
      <![CDATA[element is present]]>
    </line>
    <line>
      <![CDATA[element is present]]>
    </line>
    <line>
      <![CDATA[element is present]]>
    </line>
    <line>
      <![CDATA[err message is matching Invalid credentials]]>
    </line>
    <line>
      <![CDATA[testing:Dashboard]]>
    </line>
    <line>
      <![CDATA[title is matching]]>
    </line>
    <line>
      <![CDATA[user name is:Admin]]>
    </line>
    <line>
      <![CDATA[element is present]]>
    </line>
    <line>
      <![CDATA[user pass is:admin123]]>
    </line>
    <line>
      <![CDATA[element is present]]>
    </line>
    <line>
      <![CDATA[element is present]]>
    </line>
    <line>
      <![CDATA[Actual text   : Dashboard]]>
    </line>
    <line>
      <![CDATA[Expected text : Dashboard]]>
    </line>
    <line>
      <![CDATA[element is present]]>
    </line>
    <line>
      <![CDATA[title is matching]]>
    </line>
    <line>
      <![CDATA[element is present]]>
    </line>
    <line>
      <![CDATA[element is present]]>
    </line>
    <line>
      <![CDATA[element is present]]>
    </line>
    <line>
      <![CDATA[element is present]]>
    </line>
    <line>
      <![CDATA[title is matching]]>
    </line>
    <line>
      <![CDATA[Actual text   : Login]]>
    </line>
    <line>
      <![CDATA[Expected text : Login]]>
    </line>
  </reporter-output>
  <suite started-at="2026-02-21T17:32:11 GMT-05:00" name="Suite" finished-at="2026-02-21T17:32:37 GMT-05:00" duration-ms="26755">
    <groups>
    </groups>
    <test started-at="2026-02-21T17:32:11 GMT-05:00" name="Test" finished-at="2026-02-21T17:32:37 GMT-05:00" duration-ms="26755">
      <class name="com.orangeHRM.tests.invalidloginTest">
        <test-method is-config="true" signature="precondition()[pri:0, instance:com.orangeHRM.tests.invalidloginTest@1ff4931d]" started-at="2026-02-21T17:32:11 GMT-05:00" name="precondition" finished-at="2026-02-21T17:32:13 GMT-05:00" duration-ms="1994" status="PASS">
          <reporter-output>
          </reporter-output>
        </test-method> <!-- precondition -->
        <test-method signature="testinvalidlogin()[pri:0, instance:com.orangeHRM.tests.invalidloginTest@1ff4931d]" started-at="2026-02-21T17:32:13 GMT-05:00" name="testinvalidlogin" finished-at="2026-02-21T17:32:21 GMT-05:00" duration-ms="8656" status="PASS">
          <reporter-output>
            <line>
              <![CDATA[title is matching]]>
            </line>
            <line>
              <![CDATA[username:edtrte]]>
            </line>
            <line>
              <![CDATA[element is present]]>
            </line>
            <line>
              <![CDATA[password:ettete]]>
            </line>
            <line>
              <![CDATA[element is present]]>
            </line>
            <line>
              <![CDATA[element is present]]>
            </line>
            <line>
              <![CDATA[username:dsds]]>
            </line>
            <line>
              <![CDATA[element is present]]>
            </line>
            <line>
              <![CDATA[password:dsds]]>
            </line>
            <line>
              <![CDATA[element is present]]>
            </line>
            <line>
              <![CDATA[element is present]]>
            </line>
            <line>
              <![CDATA[username:dsds]]>
            </line>
            <line>
              <![CDATA[element is present]]>
            </line>
            <line>
              <![CDATA[password:dsds]]>
            </line>
            <line>
              <![CDATA[element is present]]>
            </line>
            <line>
              <![CDATA[element is present]]>
            </line>
            <line>
              <![CDATA[element is present]]>
            </line>
            <line>
              <![CDATA[element is present]]>
            </line>
            <line>
              <![CDATA[err message is matching Invalid credentials]]>
            </line>
          </reporter-output>
        </test-method> <!-- testinvalidlogin -->
        <test-method is-config="true" signature="postcondition(org.testng.ITestResult)[pri:0, instance:com.orangeHRM.tests.invalidloginTest@1ff4931d]" started-at="2026-02-21T17:32:21 GMT-05:00" name="postcondition" finished-at="2026-02-21T17:32:21 GMT-05:00" duration-ms="100" status="PASS">
          <params>
            <param index="0">
              <value>
                <![CDATA[[TestResult name=testinvalidlogin status=SUCCESS method=invalidloginTest.testinvalidlogin()[pri:0, instance:com.orangeHRM.tests.invalidloginTest@1ff4931d] output=title is matching]]]>
              </value>
            </param>
          </params>
          <reporter-output>
          </reporter-output>
        </test-method> <!-- postcondition -->
      </class> <!-- com.orangeHRM.tests.invalidloginTest -->
      <class name="com.orangeHRM.tests.verifyLogoutTest">
        <test-method is-config="true" signature="precondition()[pri:0, instance:com.orangeHRM.tests.verifyLogoutTest@6a2f6f80]" started-at="2026-02-21T17:32:29 GMT-05:00" name="precondition" finished-at="2026-02-21T17:32:31 GMT-05:00" duration-ms="2209" status="PASS">
          <reporter-output>
          </reporter-output>
        </test-method> <!-- precondition -->
        <test-method signature="testverifylogout()[pri:0, instance:com.orangeHRM.tests.verifyLogoutTest@6a2f6f80]" started-at="2026-02-21T17:32:31 GMT-05:00" name="testverifylogout" finished-at="2026-02-21T17:32:37 GMT-05:00" duration-ms="6318" status="PASS">
          <reporter-output>
            <line>
              <![CDATA[element is present]]>
            </line>
            <line>
              <![CDATA[element is present]]>
            </line>
            <line>
              <![CDATA[element is present]]>
            </line>
            <line>
              <![CDATA[element is present]]>
            </line>
            <line>
              <![CDATA[title is matching]]>
            </line>
            <line>
              <![CDATA[Actual text   : Login]]>
            </line>
            <line>
              <![CDATA[Expected text : Login]]>
            </line>
          </reporter-output>
        </test-method> <!-- testverifylogout -->
        <test-method is-config="true" signature="postcondition(org.testng.ITestResult)[pri:0, instance:com.orangeHRM.tests.verifyLogoutTest@6a2f6f80]" started-at="2026-02-21T17:32:37 GMT-05:00" name="postcondition" finished-at="2026-02-21T17:32:37 GMT-05:00" duration-ms="90" status="PASS">
          <params>
            <param index="0">
              <value>
                <![CDATA[[TestResult name=testverifylogout status=SUCCESS method=verifyLogouttest.testverifylogout()[pri:0, instance:com.orangeHRM.tests.verifyLogoutTest@6a2f6f80] output=element is present]]]>
              </value>
            </param>
          </params>
          <reporter-output>
          </reporter-output>
        </test-method> <!-- postcondition -->
      </class> <!-- com.orangeHRM.tests.verifyLogoutTest -->
      <class name="com.orangeHRM.tests.validLoginLogoutTest">
        <test-method is-config="true" signature="precondition()[pri:0, instance:com.orangeHRM.tests.validLoginLogoutTest@1190200a]" started-at="2026-02-21T17:32:21 GMT-05:00" name="precondition" finished-at="2026-02-21T17:32:23 GMT-05:00" duration-ms="1975" status="PASS">
          <reporter-output>
          </reporter-output>
        </test-method> <!-- precondition -->
        <test-method signature="testvalidloginlogout()[pri:0, instance:com.orangeHRM.tests.validLoginLogoutTest@1190200a]" started-at="2026-02-21T17:32:23 GMT-05:00" name="testvalidloginlogout" finished-at="2026-02-21T17:32:29 GMT-05:00" duration-ms="5296" status="PASS">
          <reporter-output>
            <line>
              <![CDATA[testing:Dashboard]]>
            </line>
            <line>
              <![CDATA[title is matching]]>
            </line>
            <line>
              <![CDATA[user name is:Admin]]>
            </line>
            <line>
              <![CDATA[element is present]]>
            </line>
            <line>
              <![CDATA[user pass is:admin123]]>
            </line>
            <line>
              <![CDATA[element is present]]>
            </line>
            <line>
              <![CDATA[element is present]]>
            </line>
            <line>
              <![CDATA[Actual text   : Dashboard]]>
            </line>
            <line>
              <![CDATA[Expected text : Dashboard]]>
            </line>
            <line>
              <![CDATA[element is present]]>
            </line>
            <line>
              <![CDATA[title is matching]]>
            </line>
          </reporter-output>
        </test-method> <!-- testvalidloginlogout -->
        <test-method is-config="true" signature="postcondition(org.testng.ITestResult)[pri:0, instance:com.orangeHRM.tests.validLoginLogoutTest@1190200a]" started-at="2026-02-21T17:32:29 GMT-05:00" name="postcondition" finished-at="2026-02-21T17:32:29 GMT-05:00" duration-ms="91" status="PASS">
          <params>
            <param index="0">
              <value>
                <![CDATA[[TestResult name=testvalidloginlogout status=SUCCESS method=validLoginLogoutTest.testvalidloginlogout()[pri:0, instance:com.orangeHRM.tests.validLoginLogoutTest@1190200a] output=testing:Dashboard]]]>
              </value>
            </param>
          </params>
          <reporter-output>
          </reporter-output>
        </test-method> <!-- postcondition -->
      </class> <!-- com.orangeHRM.tests.validLoginLogoutTest -->
    </test> <!-- Test -->
  </suite> <!-- Suite -->
</testng-results>
