<?xml version="1.0" encoding="UTF-8"?>
<!-- Generated by org.testng.reporters.JUnitReportReporter -->
<testsuite hostname="Brahmendras-MacBook-Air.local" failures="0" tests="1" name="com.orangeHRM.tests.validLoginLogoutTest" time="15.413" errors="0" timestamp="2026-04-28T13:26:03 GMT-04:00" skipped="0">
  <testcase classname="com.orangeHRM.tests.validLoginLogoutTest" name="testvalidloginlogout" time="15.413">
    <system-out>
      <![CDATA[testing:Dashboard
title is matching
user name is:Admin
element is present
user pass is:admin123
element is present
element is present
element is present
element is present
element is present
title is matching]]>
    </system-out>
  </testcase> <!-- testvalidloginlogout -->
  <system-out>
    <![CDATA[title is matching
username:edtrte
element is present
password:ettete
element is present
element is present
username:dsds
element is present
password:dsds
element is present
element is present
username:dsds
element is present
password:dsds
element is present
element is present
element is present
element is present
testing:Dashboard
title is matching
user name is:Admin
element is present
user pass is:admin123
element is present
element is present
element is present
element is present
element is present
title is matching
element is present
element is present
element is present
element is present
element is present
title is matching
element is present]]>
  </system-out>
</testsuite> <!-- com.orangeHRM.tests.validLoginLogoutTest -->
