<?xml version="1.0" encoding="UTF-8"?>
<!-- Generated by org.testng.reporters.JUnitXMLReporter -->
<testsuite ignored="0" hostname="DigitalExpert" failures="0" tests="1" name="AuditTrial" time="1.14" errors="0" timestamp="2023-04-11T12:50:00 IST">
  <testcase classname="com.actiTime.generic.AdminBaseControl" name="@AfterMethod PostConditionTestStatus" time="0.003">
    <failure type="java.lang.IllegalArgumentException" message="Test name must not be null or empty">
      <![CDATA[java.lang.IllegalArgumentException: Test name must not be null or empty
at com.aventstack.extentreports.util.Assert.notEmpty(Assert.java:12)
at com.aventstack.extentreports.ExtentTest.<init>(ExtentTest.java:96)
at com.aventstack.extentreports.ExtentTest.<init>(ExtentTest.java:117)
at com.aventstack.extentreports.ExtentTest.createNode(ExtentTest.java:170)
at com.aventstack.extentreports.ExtentTest.createNode(ExtentTest.java:285)
at com.actiTime.generic.AdminBaseControl.PostConditionTestStatus(AdminBaseControl.java:71)
at java.base/java.util.ArrayList.forEach(ArrayList.java:1511)
... Removed 30 stack frames]]>
    </failure>
  </testcase> <!-- @AfterMethod PostConditionTestStatus -->
  <testcase classname="com.actiTime.generic.AdminBaseControl" name="@AfterClass addToReport" time="-1.681197600074E9">
    <skipped/>
  </testcase> <!-- @AfterClass addToReport -->
  <testcase classname="getdata.international" name="verifyFrenchLanguage" time="1.113"/>
</testsuite> <!-- AuditTrial -->
