<?xml version="1.0" encoding="UTF-8"?>
<!-- Generated by org.testng.reporters.JUnitXMLReporter -->
<testsuite ignored="0" hostname="DigitalExpert" failures="1" tests="12" name="I18N" time="440.538" errors="0" timestamp="2023-04-16T15:36:43 IST">
  <testcase classname="getdata.International_DE_Connectivity_Tool" name="verify_English_Language" time="38.274"/>
  <testcase classname="getdata.International_DE_Connectivity_Tool" name="verify_Danish_Language" time="36.789">
    <failure type="junit.framework.AssertionFailedError">
      <![CDATA[junit.framework.AssertionFailedError
at junit.framework.Assert.fail(Assert.java:48)
at junit.framework.Assert.fail(Assert.java:56)
at getdata.International_DE_Connectivity_Tool.verify_Danish_Language(International_DE_Connectivity_Tool.java:302)
at java.base/java.util.ArrayList.forEach(ArrayList.java:1511)
... Removed 25 stack frames]]>
    </failure>
  </testcase> <!-- verify_Danish_Language -->
  <testcase classname="getdata.International_DE_Connectivity_Tool" name="verify_Dutch_Language" time="37.141"/>
  <testcase classname="getdata.International_DE_Connectivity_Tool" name="verify_Finnish_Language" time="37.034"/>
  <testcase classname="getdata.International_DE_Connectivity_Tool" name="verify_French_Language" time="37.133"/>
  <testcase classname="getdata.International_DE_Connectivity_Tool" name="verify_German_Language" time="36.786"/>
  <testcase classname="getdata.International_DE_Connectivity_Tool" name="verify_Italian_Language" time="36.147"/>
  <testcase classname="getdata.International_DE_Connectivity_Tool" name="verify_Spanish_Language" time="36.058"/>
  <testcase classname="getdata.International_DE_Connectivity_Tool" name="verify_Swedish_Language" time="36.098"/>
  <testcase classname="getdata.International_DE_Connectivity_Tool" name="verify_Portuguese_Language" time="36.142"/>
  <testcase classname="getdata.International_DE_Connectivity_Tool" name="verify_Norwegian_Language" time="36.057"/>
  <testcase classname="getdata.International_DE_Connectivity_Tool" name="verify_Polish_Language" time="36.182"/>
</testsuite> <!-- I18N -->
