<?xml version="1.0" encoding="UTF-8"?>
<!-- Generated by org.testng.reporters.JUnitXMLReporter -->
<testsuite ignored="0" hostname="DigitalExpert" failures="1" tests="12" name="International_DE_Connectivity" time="465.359" errors="0" timestamp="2023-04-18T15:11:33 IST">
  <testcase classname="getdata.International_DE_Connectivity_Tool" name="verify_English_Language" time="39.058"/>
  <testcase classname="getdata.International_DE_Connectivity_Tool" name="verify_Danish_Language" time="38.919">
    <failure type="junit.framework.AssertionFailedError">
      <![CDATA[junit.framework.AssertionFailedError
at junit.framework.Assert.fail(Assert.java:48)
at junit.framework.Assert.fail(Assert.java:56)
at com.actiTime.generic.commonexcel.AsserKeyValue(commonexcel.java:222)
at getdata.International_DE_Connectivity_Tool.verify_Danish_Language(International_DE_Connectivity_Tool.java:66)
at java.base/java.util.ArrayList.forEach(ArrayList.java:1511)
... Removed 25 stack frames]]>
    </failure>
  </testcase> <!-- verify_Danish_Language -->
  <testcase classname="getdata.International_DE_Connectivity_Tool" name="verify_Dutch_Language" time="39.173"/>
  <testcase classname="getdata.International_DE_Connectivity_Tool" name="verify_Finnish_Language" time="39.529"/>
  <testcase classname="getdata.International_DE_Connectivity_Tool" name="verify_French_Language" time="39.31"/>
  <testcase classname="getdata.International_DE_Connectivity_Tool" name="verify_German_Language" time="39.621"/>
  <testcase classname="getdata.International_DE_Connectivity_Tool" name="verify_Italian_Language" time="41.017"/>
  <testcase classname="getdata.International_DE_Connectivity_Tool" name="verify_Spanish_Language" time="43.894"/>
  <testcase classname="getdata.International_DE_Connectivity_Tool" name="verify_Swedish_Language" time="37.346"/>
  <testcase classname="getdata.International_DE_Connectivity_Tool" name="verify_Portuguese_Language" time="35.666"/>
  <testcase classname="getdata.International_DE_Connectivity_Tool" name="verify_Norwegian_Language" time="35.606"/>
  <testcase classname="getdata.International_DE_Connectivity_Tool" name="verify_Polish_Language" time="35.478"/>
</testsuite> <!-- International_DE_Connectivity -->
