<?xml version="1.0" encoding="UTF-8"?>
<!-- Generated by org.testng.reporters.JUnitXMLReporter -->
<testsuite ignored="1" hostname="DigitalExpert" failures="2" tests="24" name="International_DE_App" time="290.097" errors="0" timestamp="2023-04-19T10:23:25 IST">
  <testcase classname="getdata.International_DE_App" name="verify_English_Language" time="16.913"/>
  <testcase classname="getdata.International_DE_App" name="verify_Danish_Language" time="13.335">
    <failure type="junit.framework.AssertionFailedError">
      <![CDATA[junit.framework.AssertionFailedError
at junit.framework.Assert.fail(Assert.java:48)
at junit.framework.Assert.fail(Assert.java:56)
at com.actiTime.generic.commonexcel.AsserKeyValue(commonexcel.java:233)
at getdata.International_DE_App.verify_Danish_Language(International_DE_App.java:66)
at java.base/java.util.ArrayList.forEach(ArrayList.java:1511)
... Removed 25 stack frames]]>
    </failure>
  </testcase> <!-- verify_Danish_Language -->
  <testcase classname="getdata.International_DE_App" name="verify_Dutch_Language" time="12.502"/>
  <testcase classname="getdata.International_DE_App" name="verify_Finnish_Language" time="12.221"/>
  <testcase classname="getdata.International_DE_App" name="verify_French_Language" time="12.293"/>
  <testcase classname="getdata.International_DE_App" name="verify_German_Language" time="12.346"/>
  <testcase classname="getdata.International_DE_App" name="verify_Italian_Language" time="12.202"/>
  <testcase classname="getdata.International_DE_App" name="verify_Spanish_Language" time="11.834"/>
  <testcase classname="getdata.International_DE_App" name="verify_Swedish_Language" time="11.496"/>
  <testcase classname="getdata.International_DE_App" name="verify_Portuguese_Language" time="11.47"/>
  <testcase classname="getdata.International_DE_App" name="verify_Norwegian_Language" time="11.686"/>
  <testcase classname="getdata.International_DE_App" name="verify_Polish_Language" time="12.157"/>
  <testcase classname="getdata.International_DE_Connectivity_Tool" name="verify_English_Language" time="4.551"/>
  <testcase classname="getdata.International_DE_Connectivity_Tool" name="verify_Danish_Language" time="39.895">
    <failure type="junit.framework.AssertionFailedError">
      <![CDATA[junit.framework.AssertionFailedError
at junit.framework.Assert.fail(Assert.java:48)
at junit.framework.Assert.fail(Assert.java:56)
at com.actiTime.generic.commonexcel.AsserKeyValue(commonexcel.java:233)
at getdata.International_DE_Connectivity_Tool.verify_Danish_Language(International_DE_Connectivity_Tool.java:66)
at java.base/java.util.ArrayList.forEach(ArrayList.java:1511)
... Removed 25 stack frames]]>
    </failure>
  </testcase> <!-- verify_Danish_Language -->
  <testcase classname="getdata.International_DE_Connectivity_Tool" name="verify_Dutch_Language" time="9.806"/>
  <testcase classname="getdata.International_DE_Connectivity_Tool" name="verify_Finnish_Language" time="9.218"/>
  <testcase classname="getdata.International_DE_Connectivity_Tool" name="verify_French_Language" time="9.141"/>
  <testcase classname="getdata.International_DE_Connectivity_Tool" name="verify_German_Language" time="9.214"/>
  <testcase classname="getdata.International_DE_Connectivity_Tool" name="verify_Italian_Language" time="9.06"/>
  <testcase classname="getdata.International_DE_Connectivity_Tool" name="verify_Spanish_Language" time="8.966"/>
  <testcase classname="getdata.International_DE_Connectivity_Tool" name="verify_Swedish_Language" time="9.339"/>
  <testcase classname="getdata.International_DE_Connectivity_Tool" name="verify_Portuguese_Language" time="9.33"/>
  <testcase classname="getdata.International_DE_Connectivity_Tool" name="verify_Norwegian_Language" time="9.316"/>
  <testcase classname="getdata.International_DE_Connectivity_Tool" name="verify_Polish_Language" time="9.016"/>
  <testcase classname="com.actiTime.generic.AdminBaseControl" name="@BeforeSuite extentReportSetUp" time="0.0">
    <ignored/>
  </testcase> <!-- @BeforeSuite extentReportSetUp -->
</testsuite> <!-- International_DE_App -->
