<?xml version="1.0" encoding="UTF-8"?>
<!-- Generated by org.testng.reporters.JUnitXMLReporter -->
<testsuite ignored="0" hostname="Brahmendras-MacBook-Air.local" failures="0" tests="3" name="Test" time="16.136" errors="0" timestamp="2026-02-08T15:29:33 GMT-05:00">
  <testcase classname="com.actiTime.tests.verifyversiontest" name="testverifyversion" time="0.547"/>
  <testcase classname="com.actiTime.tests.invalidloginTest" name="testinvalidlogin" time="3.178"/>
  <testcase classname="com.actiTime.tests.validLoginLogoutTest" name="testvalidloginlogout" time="5.543"/>
</testsuite> <!-- Test -->
