<?xml version="1.0" encoding="UTF-8"?>
<testng-results ignored="0" total="0" passed="0" failed="0" skipped="0">
  <reporter-output>
  </reporter-output>
  <suite started-at="2025-12-30T18:14:10 GMT-05:00" name="Suite" finished-at="2025-12-30T18:14:10 GMT-05:00" duration-ms="8">
    <groups>
    </groups>
    <test started-at="2025-12-30T18:14:10 GMT-05:00" name="Test" finished-at="2025-12-30T18:14:10 GMT-05:00" duration-ms="8">
    </test> <!-- Test -->
  </suite> <!-- Suite -->
</testng-results>
