<?xml version="1.0" encoding="UTF-8"?>
<testng-results ignored="0" total="3" passed="3" failed="0" skipped="0">
  <reporter-output>
    <line>
      <![CDATA[title is matching]]>
    </line>
    <line>
      <![CDATA[version matching:actiTIME 2026]]>
    </line>
    <line>
      <![CDATA[title is matching]]>
    </line>
    <line>
      <![CDATA[element is present]]>
    </line>
    <line>
      <![CDATA[err message is matching Username or Password is invalid. Please try again.]]>
    </line>
    <line>
      <![CDATA[testing:actiTIME - Licenses]]>
    </line>
    <line>
      <![CDATA[title is matching]]>
    </line>
    <line>
      <![CDATA[user name is:brahmendra.jayaraju67@gmail.com]]>
    </line>
    <line>
      <![CDATA[user pass is:9886603727]]>
    </line>
    <line>
      <![CDATA[title is matching]]>
    </line>
    <line>
      <![CDATA[title is matching]]>
    </line>
  </reporter-output>
  <suite started-at="2026-02-08T14:12:09 GMT-05:00" name="Suite" finished-at="2026-02-08T14:12:25 GMT-05:00" duration-ms="15909">
    <groups>
    </groups>
    <test started-at="2026-02-08T14:12:09 GMT-05:00" name="Test" finished-at="2026-02-08T14:12:25 GMT-05:00" duration-ms="15909">
      <class name="com.actiTime.tests.verifyversiontest">
        <test-method is-config="true" signature="precondition()[pri:0, instance:com.actiTime.tests.verifyversiontest@bccb269]" started-at="2026-02-08T14:12:09 GMT-05:00" name="precondition" finished-at="2026-02-08T14:12:12 GMT-05:00" duration-ms="3001" status="PASS">
          <reporter-output>
          </reporter-output>
        </test-method> <!-- precondition -->
        <test-method signature="testverifyversion()[pri:0, instance:com.actiTime.tests.verifyversiontest@bccb269]" started-at="2026-02-08T14:12:12 GMT-05:00" name="testverifyversion" finished-at="2026-02-08T14:12:13 GMT-05:00" duration-ms="417" status="PASS">
          <reporter-output>
            <line>
              <![CDATA[title is matching]]>
            </line>
            <line>
              <![CDATA[version matching:actiTIME 2026]]>
            </line>
          </reporter-output>
        </test-method> <!-- testverifyversion -->
        <test-method is-config="true" signature="postcondition(org.testng.ITestResult)[pri:0, instance:com.actiTime.tests.verifyversiontest@bccb269]" started-at="2026-02-08T14:12:13 GMT-05:00" name="postcondition" finished-at="2026-02-08T14:12:13 GMT-05:00" duration-ms="94" status="PASS">
          <params>
            <param index="0">
              <value>
                <![CDATA[[TestResult name=testverifyversion status=SUCCESS method=verifyversiontest.testverifyversion()[pri:0, instance:com.actiTime.tests.verifyversiontest@bccb269] output=title is matching]]]>
              </value>
            </param>
          </params>
          <reporter-output>
          </reporter-output>
        </test-method> <!-- postcondition -->
      </class> <!-- com.actiTime.tests.verifyversiontest -->
      <class name="com.actiTime.tests.validLoginLogoutTest">
        <test-method is-config="true" signature="precondition()[pri:0, instance:com.actiTime.tests.validLoginLogoutTest@6db9f5a4]" started-at="2026-02-08T14:12:18 GMT-05:00" name="precondition" finished-at="2026-02-08T14:12:20 GMT-05:00" duration-ms="1918" status="PASS">
          <reporter-output>
          </reporter-output>
        </test-method> <!-- precondition -->
        <test-method signature="testvalidloginlogout()[pri:0, instance:com.actiTime.tests.validLoginLogoutTest@6db9f5a4]" started-at="2026-02-08T14:12:20 GMT-05:00" name="testvalidloginlogout" finished-at="2026-02-08T14:12:25 GMT-05:00" duration-ms="5282" status="PASS">
          <reporter-output>
            <line>
              <![CDATA[testing:actiTIME - Licenses]]>
            </line>
            <line>
              <![CDATA[title is matching]]>
            </line>
            <line>
              <![CDATA[user name is:brahmendra.jayaraju67@gmail.com]]>
            </line>
            <line>
              <![CDATA[user pass is:9886603727]]>
            </line>
            <line>
              <![CDATA[title is matching]]>
            </line>
            <line>
              <![CDATA[title is matching]]>
            </line>
          </reporter-output>
        </test-method> <!-- testvalidloginlogout -->
        <test-method is-config="true" signature="postcondition(org.testng.ITestResult)[pri:0, instance:com.actiTime.tests.validLoginLogoutTest@6db9f5a4]" started-at="2026-02-08T14:12:25 GMT-05:00" name="postcondition" finished-at="2026-02-08T14:12:25 GMT-05:00" duration-ms="119" status="PASS">
          <params>
            <param index="0">
              <value>
                <![CDATA[[TestResult name=testvalidloginlogout status=SUCCESS method=validLoginLogoutTest.testvalidloginlogout()[pri:0, instance:com.actiTime.tests.validLoginLogoutTest@6db9f5a4] output=testing:actiTIME - Licenses]]]>
              </value>
            </param>
          </params>
          <reporter-output>
          </reporter-output>
        </test-method> <!-- postcondition -->
      </class> <!-- com.actiTime.tests.validLoginLogoutTest -->
      <class name="com.actiTime.tests.invalidloginTest">
        <test-method is-config="true" signature="precondition()[pri:0, instance:com.actiTime.tests.invalidloginTest@117e949d]" started-at="2026-02-08T14:12:13 GMT-05:00" name="precondition" finished-at="2026-02-08T14:12:15 GMT-05:00" duration-ms="1768" status="PASS">
          <reporter-output>
          </reporter-output>
        </test-method> <!-- precondition -->
        <test-method signature="testinvalidlogin()[pri:0, instance:com.actiTime.tests.invalidloginTest@117e949d]" started-at="2026-02-08T14:12:15 GMT-05:00" name="testinvalidlogin" finished-at="2026-02-08T14:12:18 GMT-05:00" duration-ms="3176" status="PASS">
          <reporter-output>
            <line>
              <![CDATA[title is matching]]>
            </line>
            <line>
              <![CDATA[element is present]]>
            </line>
            <line>
              <![CDATA[err message is matching Username or Password is invalid. Please try again.]]>
            </line>
          </reporter-output>
        </test-method> <!-- testinvalidlogin -->
        <test-method is-config="true" signature="postcondition(org.testng.ITestResult)[pri:0, instance:com.actiTime.tests.invalidloginTest@117e949d]" started-at="2026-02-08T14:12:18 GMT-05:00" name="postcondition" finished-at="2026-02-08T14:12:18 GMT-05:00" duration-ms="95" status="PASS">
          <params>
            <param index="0">
              <value>
                <![CDATA[[TestResult name=testinvalidlogin status=SUCCESS method=invalidloginTest.testinvalidlogin()[pri:0, instance:com.actiTime.tests.invalidloginTest@117e949d] output=title is matching]]]>
              </value>
            </param>
          </params>
          <reporter-output>
          </reporter-output>
        </test-method> <!-- postcondition -->
      </class> <!-- com.actiTime.tests.invalidloginTest -->
    </test> <!-- Test -->
  </suite> <!-- Suite -->
</testng-results>
