<?xml version="1.0" encoding="UTF-8"?>
<!-- Generated by org.testng.reporters.JUnitReportReporter -->
<testsuite hostname="Brahmendras-MacBook-Air.local" failures="0" tests="1" name="com.actiTime.tests.validLoginLogoutTest" time="5.169" errors="0" timestamp="2025-12-31T18:26:04 GMT-05:00" skipped="0">
  <testcase classname="com.actiTime.tests.validLoginLogoutTest" name="testvalidloginlogout" time="5.169">
    <system-out>
      <![CDATA[testing:actiTIME - Enter TT
title is matching
user name is:brahmendra.jayaraju67@gmail.com
user pass is:9886603727
title is matching
title is matching]]>
    </system-out>
  </testcase> <!-- testvalidloginlogout -->
  <system-out>
    <![CDATA[title is matching
version matching:actiTIME 2026 Online
title is matching
element is present
err message is matching Username or Password is invalid. Please try again.
testing:actiTIME - Enter TT
title is matching
user name is:brahmendra.jayaraju67@gmail.com
user pass is:9886603727
title is matching
title is matching]]>
  </system-out>
</testsuite> <!-- com.actiTime.tests.validLoginLogoutTest -->
