<?xml version="1.0" encoding="UTF-8"?>
<!-- Generated by org.testng.reporters.JUnitReportReporter -->
<testsuite hostname="Brahmendras-MacBook-Air.local" failures="0" tests="1" name="com.actiTime.tests.verifyLogouttest" time="15.216" errors="0" timestamp="2026-02-16T23:50:24 GMT-05:00" skipped="0">
  <testcase classname="com.actiTime.tests.verifyLogouttest" name="testverifylogout" time="15.216">
    <system-out>
      <![CDATA[element is present
element is present
element is present
element is present
title is matching
Actual text   : Login
Expected text : Login]]>
    </system-out>
  </testcase> <!-- testverifylogout -->
  <system-out>
    <![CDATA[title is matching
username:edtrte
element is present
password:ettete
element is present
element is present
username:dsds
element is present
password:dsds
element is present
element is present
username:dsds
element is present
password:dsds
element is present
element is present
element is present
element is present
err message is matching Invalid credentials
testing:Dashboard
title is matching
user name is:Admin
element is present
user pass is:admin123
element is present
element is present
Actual text   : Dashboard
Expected text : Dashboard
element is present
title is matching
element is present
element is present
element is present
element is present
title is matching
Actual text   : Login
Expected text : Login]]>
  </system-out>
</testsuite> <!-- com.actiTime.tests.verifyLogouttest -->
