<?xml version="1.0" encoding="UTF-8"?>
<!-- Generated by org.testng.reporters.JUnitReportReporter -->
<testsuite hostname="DigitalExpert" failures="1" tests="12" name="getdata.International_DE_Connectivity_Tool" time="138.527" errors="0" timestamp="2023-04-19T10:23:25 IST" skipped="0">
  <testcase classname="getdata.International_DE_Connectivity_Tool" name="verify_English_Language" time="4.691"/>
  <system-out/>
  <testcase classname="getdata.International_DE_Connectivity_Tool" name="verify_Danish_Language" time="40.015">
    <failure type="junit.framework.AssertionFailedError">
      <![CDATA[junit.framework.AssertionFailedError
at junit.framework.Assert.fail(Assert.java:48)
at junit.framework.Assert.fail(Assert.java:56)
at com.actiTime.generic.commonexcel.AsserKeyValue(commonexcel.java:233)
at getdata.International_DE_Connectivity_Tool.verify_Danish_Language(International_DE_Connectivity_Tool.java:66)
at java.base/jdk.internal.reflect.DirectMethodHandleAccessor.invoke(DirectMethodHandleAccessor.java:104)
at java.base/java.lang.reflect.Method.invoke(Method.java:577)
at org.testng.internal.MethodInvocationHelper.invokeMethod(MethodInvocationHelper.java:133)
at org.testng.internal.TestInvoker.invokeMethod(TestInvoker.java:598)
at org.testng.internal.TestInvoker.invokeTestMethod(TestInvoker.java:173)
at org.testng.internal.MethodRunner.runInSequence(MethodRunner.java:46)
at org.testng.internal.TestInvoker$MethodInvocationAgent.invoke(TestInvoker.java:824)
at org.testng.internal.TestInvoker.invokeTestMethods(TestInvoker.java:146)
at org.testng.internal.TestMethodWorker.invokeTestMethods(TestMethodWorker.java:146)
at org.testng.internal.TestMethodWorker.run(TestMethodWorker.java:128)
at java.base/java.util.ArrayList.forEach(ArrayList.java:1511)
at org.testng.TestRunner.privateRun(TestRunner.java:794)
at org.testng.TestRunner.run(TestRunner.java:596)
at org.testng.SuiteRunner.runTest(SuiteRunner.java:377)
at org.testng.SuiteRunner.runSequentially(SuiteRunner.java:371)
at org.testng.SuiteRunner.privateRun(SuiteRunner.java:332)
at org.testng.SuiteRunner.run(SuiteRunner.java:276)
at org.testng.SuiteRunnerWorker.runSuite(SuiteRunnerWorker.java:53)
at org.testng.SuiteRunnerWorker.run(SuiteRunnerWorker.java:96)
at org.testng.TestNG.runSuitesSequentially(TestNG.java:1212)
at org.testng.TestNG.runSuitesLocally(TestNG.java:1134)
at org.testng.TestNG.runSuites(TestNG.java:1063)
at org.testng.TestNG.run(TestNG.java:1031)
at org.testng.remote.AbstractRemoteTestNG.run(AbstractRemoteTestNG.java:115)
at org.testng.remote.RemoteTestNG.initAndRun(RemoteTestNG.java:251)
at org.testng.remote.RemoteTestNG.main(RemoteTestNG.java:77)
]]>
    </failure>
  </testcase> <!-- verify_Danish_Language -->
  <system-out/>
  <testcase classname="getdata.International_DE_Connectivity_Tool" name="verify_Dutch_Language" time="9.964"/>
  <system-out/>
  <testcase classname="getdata.International_DE_Connectivity_Tool" name="verify_Finnish_Language" time="9.386"/>
  <system-out/>
  <testcase classname="getdata.International_DE_Connectivity_Tool" name="verify_French_Language" time="9.303"/>
  <system-out/>
  <testcase classname="getdata.International_DE_Connectivity_Tool" name="verify_German_Language" time="9.376"/>
  <system-out/>
  <testcase classname="getdata.International_DE_Connectivity_Tool" name="verify_Italian_Language" time="9.183"/>
  <system-out/>
  <testcase classname="getdata.International_DE_Connectivity_Tool" name="verify_Spanish_Language" time="9.090"/>
  <system-out/>
  <testcase classname="getdata.International_DE_Connectivity_Tool" name="verify_Swedish_Language" time="9.463"/>
  <system-out/>
  <testcase classname="getdata.International_DE_Connectivity_Tool" name="verify_Portuguese_Language" time="9.455"/>
  <system-out/>
  <testcase classname="getdata.International_DE_Connectivity_Tool" name="verify_Norwegian_Language" time="9.444"/>
  <system-out/>
  <testcase classname="getdata.International_DE_Connectivity_Tool" name="verify_Polish_Language" time="9.157"/>
  <system-out/>
</testsuite> <!-- getdata.International_DE_Connectivity_Tool -->
