<?xml version="1.0" encoding="UTF-8"?>
<!-- Generated by org.testng.reporters.JUnitReportReporter -->
<testsuite hostname="Brahmendras-MacBook-Air.local" failures="0" tests="1" name="com.actiTime.tests.verifyversiontest" time="2.749" errors="1" timestamp="2026-02-16T23:28:21 GMT-05:00" skipped="0">
  <testcase classname="com.actiTime.tests.verifyversiontest" name="testverifyversion" time="2.749">
    <error message="&#039;java.lang.String com.actiTime.pages.LoginPage.verifyeversion()&#039;" type="java.lang.NoSuchMethodError">
      <![CDATA[java.lang.NoSuchMethodError: 'java.lang.String com.actiTime.pages.LoginPage.verifyeversion()'
at com.actiTime.tests.verifyversiontest.testverifyversion(verifyversiontest.java:23)
at java.base/jdk.internal.reflect.DirectMethodHandleAccessor.invoke(DirectMethodHandleAccessor.java:103)
at java.base/java.lang.reflect.Method.invoke(Method.java:580)
at org.testng.internal.invokers.MethodInvocationHelper.invokeMethod(MethodInvocationHelper.java:141)
at org.testng.internal.invokers.TestInvoker.invokeMethod(TestInvoker.java:687)
at org.testng.internal.invokers.TestInvoker.invokeTestMethod(TestInvoker.java:230)
at org.testng.internal.invokers.MethodRunner.runInSequence(MethodRunner.java:63)
at org.testng.internal.invokers.TestInvoker$MethodInvocationAgent.invoke(TestInvoker.java:995)
at org.testng.internal.invokers.TestInvoker.invokeTestMethods(TestInvoker.java:203)
at org.testng.internal.invokers.TestMethodWorker.invokeTestMethods(TestMethodWorker.java:154)
at org.testng.internal.invokers.TestMethodWorker.run(TestMethodWorker.java:134)
at java.base/java.util.ArrayList.forEach(ArrayList.java:1597)
at org.testng.TestRunner.privateRun(TestRunner.java:741)
at org.testng.TestRunner.run(TestRunner.java:616)
at org.testng.SuiteRunner.runTest(SuiteRunner.java:421)
at org.testng.SuiteRunner.runSequentially(SuiteRunner.java:413)
at org.testng.SuiteRunner.privateRun(SuiteRunner.java:373)
at org.testng.SuiteRunner.run(SuiteRunner.java:312)
at org.testng.SuiteRunnerWorker.runSuite(SuiteRunnerWorker.java:52)
at org.testng.SuiteRunnerWorker.run(SuiteRunnerWorker.java:95)
at org.testng.TestNG.runSuitesSequentially(TestNG.java:1274)
at org.testng.TestNG.runSuitesLocally(TestNG.java:1208)
at org.testng.TestNG.runSuites(TestNG.java:1112)
at org.testng.TestNG.run(TestNG.java:1079)
at org.testng.remote.AbstractRemoteTestNG.run(AbstractRemoteTestNG.java:115)
at org.testng.remote.RemoteTestNG.initAndRun(RemoteTestNG.java:293)
at org.testng.remote.RemoteTestNG.main(RemoteTestNG.java:91)
]]>
    </error>
    <system-out>
      <![CDATA[title is matching]]>
    </system-out>
  </testcase> <!-- testverifyversion -->
  <system-out>
    <![CDATA[title is matching
username:edtrte
element is present
password:ettete
element is present
element is present
username:dsds
element is present
password:dsds
element is present
element is present
username:dsds
element is present
password:dsds
element is present
element is present
element is present
element is present
err message is matching Invalid credentials
testing:Dashboard
title is matching
user name is:Admin
element is present
user pass is:admin123
element is present
element is present
Actual text   : Dashboard
Expected text : Dashboard
title is matching
title is matching
Actual text   : Login
Expected text : OrangeHRM
title is matching]]>
  </system-out>
</testsuite> <!-- com.actiTime.tests.verifyversiontest -->
