<?xml version="1.0" encoding="UTF-8"?>
<!-- Generated by org.testng.reporters.JUnitReportReporter -->
<testsuite hostname="Brahmendras-MacBook-Air.local" failures="0" tests="1" name="com.actiTime.tests.invalidloginTest" time="5.528" errors="0" timestamp="2026-02-08T14:22:08 GMT-05:00" skipped="0">
  <testcase classname="com.actiTime.tests.invalidloginTest" name="testinvalidlogin" time="5.528">
    <system-out>
      <![CDATA[title is matching
element is present
err message is matching Username or Password is invalid. Please try again.]]>
    </system-out>
  </testcase> <!-- testinvalidlogin -->
  <system-out>
    <![CDATA[title is matching
version matching:actiTIME 2026
title is matching
element is present
err message is matching Username or Password is invalid. Please try again.
testing:actiTIME - Licenses
title is matching
user name is:brahmendra.jayaraju67@gmail.com
user pass is:9886603727
title is matching
title is matching]]>
  </system-out>
</testsuite> <!-- com.actiTime.tests.invalidloginTest -->
